<?xml version="1.0" encoding="utf-8"?><testsuites name="pytest tests"><testsuite name="pytest" errors="0" failures="0" skipped="0" tests="22" time="4.270" timestamp="2026-02-15T21:49:45.341548+00:00" hostname="agent-env-762e95ca-8cc7-42ee-bc74-947e6a9dd874"><testcase classname="backend.tests.test_role_auth.TestParentAuth" name="test_01_parent_signup" time="0.485" /><testcase classname="backend.tests.test_role_auth.TestParentAuth" name="test_02_parent_login" time="0.393" /><testcase classname="backend.tests.test_role_auth.TestParentAuth" name="test_03_auth_me_parent" time="0.150" /><testcase classname="backend.tests.test_role_auth.TestParentAuth" name="test_04_parent_login_invalid_credentials" time="0.331" /><testcase classname="backend.tests.test_role_auth.TestAddKidWithThemeAndPin" name="test_01_add_kid_with_theme_and_pin" time="0.166" /><testcase classname="backend.tests.test_role_auth.TestAddKidWithThemeAndPin" name="test_02_verify_kid_data_persisted" time="0.147" /><testcase classname="backend.tests.test_role_auth.TestKidLogin" name="test_01_kid_login_success" time="0.143" /><testcase classname="backend.tests.test_role_auth.TestKidLogin" name="test_02_auth_me_kid" time="0.131" /><testcase classname="backend.tests.test_role_auth.TestKidLogin" name="test_03_kid_login_wrong_pin" time="0.265" /><testcase classname="backend.tests.test_role_auth.TestKidLogin" name="test_04_kid_login_wrong_name" time="0.121" /><testcase classname="backend.tests.test_role_auth.TestKidLogin" name="test_05_kid_login_wrong_parent_email" time="0.131" /><testcase classname="backend.tests.test_role_auth.TestKidRoutes" name="test_01_kid_dashboard" time="0.192" /><testcase classname="backend.tests.test_role_auth.TestKidRoutes" name="test_02_kid_wallet" time="0.122" /><testcase classname="backend.tests.test_role_auth.TestKidRoutes" name="test_03_kid_goals" time="0.115" /><testcase classname="backend.tests.test_role_auth.TestKidRoutes" name="test_04_kid_learning_stories" time="0.115" /><testcase classname="backend.tests.test_role_auth.TestKidRoutes" name="test_05_kid_achievements" time="0.129" /><testcase classname="backend.tests.test_role_auth.TestKidTaskCompletion" name="test_01_create_task_as_parent" time="0.214" /><testcase classname="backend.tests.test_role_auth.TestKidTaskCompletion" name="test_02_kid_complete_task" time="0.202" /><testcase classname="backend.tests.test_role_auth.TestKidTaskCompletion" name="test_03_verify_task_status" time="0.122" /><testcase classname="backend.tests.test_role_auth.TestRoleBasedAccess" name="test_01_kid_cannot_access_parent_kids_list" time="0.110" /><testcase classname="backend.tests.test_role_auth.TestRoleBasedAccess" name="test_02_parent_cannot_access_kid_routes" time="0.144" /><testcase classname="backend.tests.test_role_auth.TestCleanup" name="test_cleanup_delete_kid" time="0.159" /></testsuite></testsuites>